<?xml version="1.0" ?>
<gresources>
    <gresource prefix="/app">
        <file>assets/titleImage</file>
        <file>assets/backgroundHome</file>
        <file>assets/logo</file>
        <file>js/custom/custom.js</file>
        <file>js/layout/custom.js</file>
    </gresource>
    <gresource prefix="/com/endlessm/thrones">
        <file compressed="true">joffrey.jpg</file>
        <file compressed="true">kings_landing.jpg</file>
        <file compressed="true">whitewalker.jpg</file>
        <file compressed="true">red_wedding.jpg</file>
        <file compressed="true">dog.gif</file>
    </gresource>
</gresources>
