<?xml version="1.0" ?>
<gresources>
    <gresource prefix="/com/endlessm/thrones">
        <file>pig1.jpg</file>
        <file>sample.mp4</file>
        <file compressed="true">app.json</file>
        <file compressed="true">db.json</file>
        <file compressed="true">joffrey.jpg</file>
        <file compressed="true">kings_landing.jpg</file>
        <file compressed="true">whitewalker.jpg</file>
        <file compressed="true">red_wedding.jpg</file>
        <file compressed="true">agot.svg</file>
        <file compressed="true">background.jpg</file>
        <file compressed="true">background_blurred.jpg</file>
        <file compressed="true">dog.gif</file>
        <file compressed="true">overrides.css</file>
    </gresource>
</gresources>
